<?xml version="1.0" encoding="UTF-8"?>
<!-- Generated by org.testng.reporters.JUnitReportReporter -->
<testsuite skipped="0" hostname="DESKTOP-AO51KEB" name="com.training.sanity.tests.MessagesdbTest" tests="1" failures="0" timestamp="07 Feb 2019 12:52:35 GMT" time="29.107" errors="0">
  <testcase name="validMessagesdbTest" time="29.107" classname="com.training.sanity.tests.MessagesdbTest"/>
</testsuite> <!-- com.training.sanity.tests.MessagesdbTest -->
