<?xml version="1.0" encoding="UTF-8"?>
<!-- Generated by org.testng.reporters.JUnitReportReporter -->
<testsuite skipped="0" hostname="DESKTOP-AO51KEB" name="com.training.sanity.tests.SearchTest" tests="3" failures="0" timestamp="07 Feb 2019 14:19:18 GMT" time="4.326" errors="0">
  <testcase name="validSearchTest" time="1.992" classname="com.training.sanity.tests.SearchTest"/>
  <testcase name="Exceldata" time="1.193" classname="com.training.sanity.tests.SearchTest"/>
  <testcase name="Exceldata" time="1.141" classname="com.training.sanity.tests.SearchTest"/>
</testsuite> <!-- com.training.sanity.tests.SearchTest -->
