<?xml version="1.0" encoding="UTF-8"?>
<!-- Generated by org.testng.reporters.JUnitReportReporter -->
<testsuite skipped="0" hostname="DESKTOP-AO51KEB" name="com.training.sanity.tests.PaymentdbTest" tests="1" failures="0" timestamp="07 Feb 2019 11:42:25 GMT" time="23.282" errors="0">
  <testcase name="validPaymentdbTest" time="23.282" classname="com.training.sanity.tests.PaymentdbTest"/>
</testsuite> <!-- com.training.sanity.tests.PaymentdbTest -->
