<?xml version="1.0" encoding="UTF-8"?>
<!-- Generated by org.testng.reporters.JUnitReportReporter -->
<testsuite skipped="0" hostname="DESKTOP-AO51KEB" name="com.training.sanity.tests.MessagesTest" tests="3" failures="0" timestamp="07 Feb 2019 14:49:36 GMT" time="26.268" errors="0">
  <testcase name="validMessagesTest" time="2.932" classname="com.training.sanity.tests.MessagesTest"/>
  <testcase name="Exceldata" time="11.579" classname="com.training.sanity.tests.MessagesTest"/>
  <testcase name="Exceldata" time="11.757" classname="com.training.sanity.tests.MessagesTest"/>
</testsuite> <!-- com.training.sanity.tests.MessagesTest -->
